[2024-12-14 20:55:59,683] {scheduler_job.py:181} INFO - Started process (PID=11259) to work on /opt/airflow/dags/dag_jinja_simple.py
[2024-12-14 20:55:59,685] {scheduler_job.py:632} INFO - Processing file /opt/airflow/dags/dag_jinja_simple.py for tasks to queue
[2024-12-14 20:55:59,686] {logging_mixin.py:104} INFO - [2024-12-14 20:55:59,686] {dagbag.py:496} INFO - Filling up the DagBag from /opt/airflow/dags/dag_jinja_simple.py
[2024-12-14 20:55:59,754] {scheduler_job.py:642} INFO - DAG(s) dict_keys(['dag_jinja_simple']) retrieved from /opt/airflow/dags/dag_jinja_simple.py
[2024-12-14 20:55:59,763] {logging_mixin.py:104} INFO - [2024-12-14 20:55:59,763] {dag.py:1833} INFO - Sync 1 DAGs
[2024-12-14 20:55:59,777] {logging_mixin.py:104} INFO - [2024-12-14 20:55:59,777] {dag.py:2306} INFO - Setting next_dagrun for dag_jinja_simple to 2024-12-14 16:00:00+00:00
[2024-12-14 20:55:59,786] {scheduler_job.py:189} INFO - Processing /opt/airflow/dags/dag_jinja_simple.py took 0.106 seconds
[2024-12-14 20:56:30,269] {scheduler_job.py:181} INFO - Started process (PID=11293) to work on /opt/airflow/dags/dag_jinja_simple.py
[2024-12-14 20:56:30,271] {scheduler_job.py:632} INFO - Processing file /opt/airflow/dags/dag_jinja_simple.py for tasks to queue
[2024-12-14 20:56:30,272] {logging_mixin.py:104} INFO - [2024-12-14 20:56:30,272] {dagbag.py:496} INFO - Filling up the DagBag from /opt/airflow/dags/dag_jinja_simple.py
[2024-12-14 20:56:30,336] {scheduler_job.py:642} INFO - DAG(s) dict_keys(['dag_jinja_simple']) retrieved from /opt/airflow/dags/dag_jinja_simple.py
[2024-12-14 20:56:30,345] {logging_mixin.py:104} INFO - [2024-12-14 20:56:30,345] {dag.py:1833} INFO - Sync 1 DAGs
[2024-12-14 20:56:30,359] {logging_mixin.py:104} INFO - [2024-12-14 20:56:30,359] {dag.py:2306} INFO - Setting next_dagrun for dag_jinja_simple to 2024-12-14 16:00:00+00:00
[2024-12-14 20:56:30,367] {scheduler_job.py:189} INFO - Processing /opt/airflow/dags/dag_jinja_simple.py took 0.101 seconds
[2024-12-14 20:57:00,925] {scheduler_job.py:181} INFO - Started process (PID=11318) to work on /opt/airflow/dags/dag_jinja_simple.py
[2024-12-14 20:57:00,927] {scheduler_job.py:632} INFO - Processing file /opt/airflow/dags/dag_jinja_simple.py for tasks to queue
[2024-12-14 20:57:00,927] {logging_mixin.py:104} INFO - [2024-12-14 20:57:00,927] {dagbag.py:496} INFO - Filling up the DagBag from /opt/airflow/dags/dag_jinja_simple.py
[2024-12-14 20:57:00,994] {scheduler_job.py:642} INFO - DAG(s) dict_keys(['dag_jinja_simple']) retrieved from /opt/airflow/dags/dag_jinja_simple.py
[2024-12-14 20:57:01,002] {logging_mixin.py:104} INFO - [2024-12-14 20:57:01,002] {dag.py:1833} INFO - Sync 1 DAGs
[2024-12-14 20:57:01,018] {logging_mixin.py:104} INFO - [2024-12-14 20:57:01,018] {dag.py:2306} INFO - Setting next_dagrun for dag_jinja_simple to 2024-12-14 16:00:00+00:00
[2024-12-14 20:57:01,027] {scheduler_job.py:189} INFO - Processing /opt/airflow/dags/dag_jinja_simple.py took 0.104 seconds
[2024-12-14 20:57:31,545] {scheduler_job.py:181} INFO - Started process (PID=11355) to work on /opt/airflow/dags/dag_jinja_simple.py
[2024-12-14 20:57:31,549] {scheduler_job.py:632} INFO - Processing file /opt/airflow/dags/dag_jinja_simple.py for tasks to queue
[2024-12-14 20:57:31,550] {logging_mixin.py:104} INFO - [2024-12-14 20:57:31,550] {dagbag.py:496} INFO - Filling up the DagBag from /opt/airflow/dags/dag_jinja_simple.py
[2024-12-14 20:57:31,640] {scheduler_job.py:642} INFO - DAG(s) dict_keys(['dag_jinja_simple']) retrieved from /opt/airflow/dags/dag_jinja_simple.py
[2024-12-14 20:57:31,674] {logging_mixin.py:104} INFO - [2024-12-14 20:57:31,674] {dag.py:1833} INFO - Sync 1 DAGs
[2024-12-14 20:57:31,710] {logging_mixin.py:104} INFO - [2024-12-14 20:57:31,710] {dag.py:2306} INFO - Setting next_dagrun for dag_jinja_simple to 2024-12-14 16:00:00+00:00
[2024-12-14 20:57:31,741] {scheduler_job.py:189} INFO - Processing /opt/airflow/dags/dag_jinja_simple.py took 0.202 seconds
[2024-12-14 20:58:02,284] {scheduler_job.py:181} INFO - Started process (PID=11381) to work on /opt/airflow/dags/dag_jinja_simple.py
[2024-12-14 20:58:02,286] {scheduler_job.py:632} INFO - Processing file /opt/airflow/dags/dag_jinja_simple.py for tasks to queue
[2024-12-14 20:58:02,288] {logging_mixin.py:104} INFO - [2024-12-14 20:58:02,287] {dagbag.py:496} INFO - Filling up the DagBag from /opt/airflow/dags/dag_jinja_simple.py
[2024-12-14 20:58:02,368] {scheduler_job.py:642} INFO - DAG(s) dict_keys(['dag_jinja_simple']) retrieved from /opt/airflow/dags/dag_jinja_simple.py
[2024-12-14 20:58:02,378] {logging_mixin.py:104} INFO - [2024-12-14 20:58:02,378] {dag.py:1833} INFO - Sync 1 DAGs
[2024-12-14 20:58:02,396] {logging_mixin.py:104} INFO - [2024-12-14 20:58:02,395] {dag.py:2306} INFO - Setting next_dagrun for dag_jinja_simple to 2024-12-14 16:00:00+00:00
[2024-12-14 20:58:02,404] {scheduler_job.py:189} INFO - Processing /opt/airflow/dags/dag_jinja_simple.py took 0.125 seconds
[2024-12-14 20:58:32,897] {scheduler_job.py:181} INFO - Started process (PID=11416) to work on /opt/airflow/dags/dag_jinja_simple.py
[2024-12-14 20:58:32,899] {scheduler_job.py:632} INFO - Processing file /opt/airflow/dags/dag_jinja_simple.py for tasks to queue
[2024-12-14 20:58:32,900] {logging_mixin.py:104} INFO - [2024-12-14 20:58:32,900] {dagbag.py:496} INFO - Filling up the DagBag from /opt/airflow/dags/dag_jinja_simple.py
[2024-12-14 20:58:32,966] {scheduler_job.py:642} INFO - DAG(s) dict_keys(['dag_jinja_simple']) retrieved from /opt/airflow/dags/dag_jinja_simple.py
[2024-12-14 20:58:32,974] {logging_mixin.py:104} INFO - [2024-12-14 20:58:32,974] {dag.py:1833} INFO - Sync 1 DAGs
[2024-12-14 20:58:32,989] {logging_mixin.py:104} INFO - [2024-12-14 20:58:32,989] {dag.py:2306} INFO - Setting next_dagrun for dag_jinja_simple to 2024-12-14 16:00:00+00:00
[2024-12-14 20:58:32,997] {scheduler_job.py:189} INFO - Processing /opt/airflow/dags/dag_jinja_simple.py took 0.103 seconds
