[2024-12-14 20:56:18,102] {scheduler_job.py:181} INFO - Started process (PID=11282) to work on /opt/airflow/dags/dag_freenow_challenge.py
[2024-12-14 20:56:18,104] {scheduler_job.py:632} INFO - Processing file /opt/airflow/dags/dag_freenow_challenge.py for tasks to queue
[2024-12-14 20:56:18,107] {logging_mixin.py:104} INFO - [2024-12-14 20:56:18,106] {dagbag.py:496} INFO - Filling up the DagBag from /opt/airflow/dags/dag_freenow_challenge.py
[2024-12-14 20:56:18,166] {scheduler_job.py:642} INFO - DAG(s) dict_keys(['dag_freenow_challenge']) retrieved from /opt/airflow/dags/dag_freenow_challenge.py
[2024-12-14 20:56:18,199] {logging_mixin.py:104} INFO - [2024-12-14 20:56:18,199] {dag.py:1833} INFO - Sync 1 DAGs
[2024-12-14 20:56:18,214] {logging_mixin.py:104} INFO - [2024-12-14 20:56:18,213] {dag.py:2306} INFO - Setting next_dagrun for dag_freenow_challenge to 2021-07-15T00:00:00+00:00
[2024-12-14 20:56:18,228] {scheduler_job.py:189} INFO - Processing /opt/airflow/dags/dag_freenow_challenge.py took 0.131 seconds
[2024-12-14 20:56:48,667] {scheduler_job.py:181} INFO - Started process (PID=11307) to work on /opt/airflow/dags/dag_freenow_challenge.py
[2024-12-14 20:56:48,668] {scheduler_job.py:632} INFO - Processing file /opt/airflow/dags/dag_freenow_challenge.py for tasks to queue
[2024-12-14 20:56:48,669] {logging_mixin.py:104} INFO - [2024-12-14 20:56:48,669] {dagbag.py:496} INFO - Filling up the DagBag from /opt/airflow/dags/dag_freenow_challenge.py
[2024-12-14 20:56:48,718] {scheduler_job.py:642} INFO - DAG(s) dict_keys(['dag_freenow_challenge']) retrieved from /opt/airflow/dags/dag_freenow_challenge.py
[2024-12-14 20:56:48,739] {logging_mixin.py:104} INFO - [2024-12-14 20:56:48,739] {dag.py:1833} INFO - Sync 1 DAGs
[2024-12-14 20:56:48,752] {logging_mixin.py:104} INFO - [2024-12-14 20:56:48,752] {dag.py:2306} INFO - Setting next_dagrun for dag_freenow_challenge to 2021-07-15T00:00:00+00:00
[2024-12-14 20:56:48,763] {scheduler_job.py:189} INFO - Processing /opt/airflow/dags/dag_freenow_challenge.py took 0.099 seconds
[2024-12-14 20:57:19,321] {scheduler_job.py:181} INFO - Started process (PID=11343) to work on /opt/airflow/dags/dag_freenow_challenge.py
[2024-12-14 20:57:19,323] {scheduler_job.py:632} INFO - Processing file /opt/airflow/dags/dag_freenow_challenge.py for tasks to queue
[2024-12-14 20:57:19,324] {logging_mixin.py:104} INFO - [2024-12-14 20:57:19,324] {dagbag.py:496} INFO - Filling up the DagBag from /opt/airflow/dags/dag_freenow_challenge.py
[2024-12-14 20:57:19,356] {scheduler_job.py:642} INFO - DAG(s) dict_keys(['dag_freenow_challenge']) retrieved from /opt/airflow/dags/dag_freenow_challenge.py
[2024-12-14 20:57:19,375] {logging_mixin.py:104} INFO - [2024-12-14 20:57:19,375] {dag.py:1833} INFO - Sync 1 DAGs
[2024-12-14 20:57:19,390] {logging_mixin.py:104} INFO - [2024-12-14 20:57:19,389] {dag.py:2306} INFO - Setting next_dagrun for dag_freenow_challenge to 2021-07-15T00:00:00+00:00
[2024-12-14 20:57:19,398] {scheduler_job.py:189} INFO - Processing /opt/airflow/dags/dag_freenow_challenge.py took 0.079 seconds
[2024-12-14 20:57:50,119] {scheduler_job.py:181} INFO - Started process (PID=11370) to work on /opt/airflow/dags/dag_freenow_challenge.py
[2024-12-14 20:57:50,120] {scheduler_job.py:632} INFO - Processing file /opt/airflow/dags/dag_freenow_challenge.py for tasks to queue
[2024-12-14 20:57:50,121] {logging_mixin.py:104} INFO - [2024-12-14 20:57:50,121] {dagbag.py:496} INFO - Filling up the DagBag from /opt/airflow/dags/dag_freenow_challenge.py
[2024-12-14 20:57:50,159] {scheduler_job.py:642} INFO - DAG(s) dict_keys(['dag_freenow_challenge']) retrieved from /opt/airflow/dags/dag_freenow_challenge.py
[2024-12-14 20:57:50,179] {logging_mixin.py:104} INFO - [2024-12-14 20:57:50,179] {dag.py:1833} INFO - Sync 1 DAGs
[2024-12-14 20:57:50,193] {logging_mixin.py:104} INFO - [2024-12-14 20:57:50,193] {dag.py:2306} INFO - Setting next_dagrun for dag_freenow_challenge to 2021-07-15T00:00:00+00:00
[2024-12-14 20:57:50,203] {scheduler_job.py:189} INFO - Processing /opt/airflow/dags/dag_freenow_challenge.py took 0.087 seconds
[2024-12-14 20:58:20,703] {scheduler_job.py:181} INFO - Started process (PID=11405) to work on /opt/airflow/dags/dag_freenow_challenge.py
[2024-12-14 20:58:20,704] {scheduler_job.py:632} INFO - Processing file /opt/airflow/dags/dag_freenow_challenge.py for tasks to queue
[2024-12-14 20:58:20,705] {logging_mixin.py:104} INFO - [2024-12-14 20:58:20,705] {dagbag.py:496} INFO - Filling up the DagBag from /opt/airflow/dags/dag_freenow_challenge.py
[2024-12-14 20:58:20,740] {scheduler_job.py:642} INFO - DAG(s) dict_keys(['dag_freenow_challenge']) retrieved from /opt/airflow/dags/dag_freenow_challenge.py
[2024-12-14 20:58:20,759] {logging_mixin.py:104} INFO - [2024-12-14 20:58:20,759] {dag.py:1833} INFO - Sync 1 DAGs
[2024-12-14 20:58:20,773] {logging_mixin.py:104} INFO - [2024-12-14 20:58:20,772] {dag.py:2306} INFO - Setting next_dagrun for dag_freenow_challenge to 2021-07-15T00:00:00+00:00
[2024-12-14 20:58:20,781] {scheduler_job.py:189} INFO - Processing /opt/airflow/dags/dag_freenow_challenge.py took 0.081 seconds
[2024-12-14 20:58:51,190] {scheduler_job.py:181} INFO - Started process (PID=11441) to work on /opt/airflow/dags/dag_freenow_challenge.py
[2024-12-14 20:58:51,192] {scheduler_job.py:632} INFO - Processing file /opt/airflow/dags/dag_freenow_challenge.py for tasks to queue
[2024-12-14 20:58:51,193] {logging_mixin.py:104} INFO - [2024-12-14 20:58:51,193] {dagbag.py:496} INFO - Filling up the DagBag from /opt/airflow/dags/dag_freenow_challenge.py
[2024-12-14 20:58:51,230] {scheduler_job.py:642} INFO - DAG(s) dict_keys(['dag_freenow_challenge']) retrieved from /opt/airflow/dags/dag_freenow_challenge.py
[2024-12-14 20:58:51,249] {logging_mixin.py:104} INFO - [2024-12-14 20:58:51,249] {dag.py:1833} INFO - Sync 1 DAGs
[2024-12-14 20:58:51,264] {logging_mixin.py:104} INFO - [2024-12-14 20:58:51,264] {dag.py:2306} INFO - Setting next_dagrun for dag_freenow_challenge to 2021-07-15T00:00:00+00:00
[2024-12-14 20:58:52,926] {scheduler_job.py:189} INFO - Processing /opt/airflow/dags/dag_freenow_challenge.py took 1.738 seconds
