[2024-12-14 20:55:59,683] {scheduler_job.py:181} INFO - Started process (PID=11260) to work on /opt/airflow/dags/dag_jinja_to_utility.py
[2024-12-14 20:55:59,685] {scheduler_job.py:632} INFO - Processing file /opt/airflow/dags/dag_jinja_to_utility.py for tasks to queue
[2024-12-14 20:55:59,686] {logging_mixin.py:104} INFO - [2024-12-14 20:55:59,686] {dagbag.py:496} INFO - Filling up the DagBag from /opt/airflow/dags/dag_jinja_to_utility.py
[2024-12-14 20:55:59,732] {scheduler_job.py:642} INFO - DAG(s) dict_keys(['dag_jinja_to_utility']) retrieved from /opt/airflow/dags/dag_jinja_to_utility.py
[2024-12-14 20:55:59,752] {logging_mixin.py:104} INFO - [2024-12-14 20:55:59,752] {dag.py:1833} INFO - Sync 1 DAGs
[2024-12-14 20:55:59,766] {logging_mixin.py:104} INFO - [2024-12-14 20:55:59,766] {dag.py:2306} INFO - Setting next_dagrun for dag_jinja_to_utility to None
[2024-12-14 20:55:59,775] {scheduler_job.py:189} INFO - Processing /opt/airflow/dags/dag_jinja_to_utility.py took 0.094 seconds
[2024-12-14 20:56:30,270] {scheduler_job.py:181} INFO - Started process (PID=11294) to work on /opt/airflow/dags/dag_jinja_to_utility.py
[2024-12-14 20:56:30,271] {scheduler_job.py:632} INFO - Processing file /opt/airflow/dags/dag_jinja_to_utility.py for tasks to queue
[2024-12-14 20:56:30,272] {logging_mixin.py:104} INFO - [2024-12-14 20:56:30,272] {dagbag.py:496} INFO - Filling up the DagBag from /opt/airflow/dags/dag_jinja_to_utility.py
[2024-12-14 20:56:30,315] {scheduler_job.py:642} INFO - DAG(s) dict_keys(['dag_jinja_to_utility']) retrieved from /opt/airflow/dags/dag_jinja_to_utility.py
[2024-12-14 20:56:30,334] {logging_mixin.py:104} INFO - [2024-12-14 20:56:30,334] {dag.py:1833} INFO - Sync 1 DAGs
[2024-12-14 20:56:30,347] {logging_mixin.py:104} INFO - [2024-12-14 20:56:30,347] {dag.py:2306} INFO - Setting next_dagrun for dag_jinja_to_utility to None
[2024-12-14 20:56:30,356] {scheduler_job.py:189} INFO - Processing /opt/airflow/dags/dag_jinja_to_utility.py took 0.089 seconds
[2024-12-14 20:57:00,925] {scheduler_job.py:181} INFO - Started process (PID=11319) to work on /opt/airflow/dags/dag_jinja_to_utility.py
[2024-12-14 20:57:00,927] {scheduler_job.py:632} INFO - Processing file /opt/airflow/dags/dag_jinja_to_utility.py for tasks to queue
[2024-12-14 20:57:00,927] {logging_mixin.py:104} INFO - [2024-12-14 20:57:00,927] {dagbag.py:496} INFO - Filling up the DagBag from /opt/airflow/dags/dag_jinja_to_utility.py
[2024-12-14 20:57:00,973] {scheduler_job.py:642} INFO - DAG(s) dict_keys(['dag_jinja_to_utility']) retrieved from /opt/airflow/dags/dag_jinja_to_utility.py
[2024-12-14 20:57:00,993] {logging_mixin.py:104} INFO - [2024-12-14 20:57:00,993] {dag.py:1833} INFO - Sync 1 DAGs
[2024-12-14 20:57:01,006] {logging_mixin.py:104} INFO - [2024-12-14 20:57:01,006] {dag.py:2306} INFO - Setting next_dagrun for dag_jinja_to_utility to None
[2024-12-14 20:57:01,015] {scheduler_job.py:189} INFO - Processing /opt/airflow/dags/dag_jinja_to_utility.py took 0.092 seconds
[2024-12-14 20:57:31,552] {scheduler_job.py:181} INFO - Started process (PID=11356) to work on /opt/airflow/dags/dag_jinja_to_utility.py
[2024-12-14 20:57:31,556] {scheduler_job.py:632} INFO - Processing file /opt/airflow/dags/dag_jinja_to_utility.py for tasks to queue
[2024-12-14 20:57:31,558] {logging_mixin.py:104} INFO - [2024-12-14 20:57:31,557] {dagbag.py:496} INFO - Filling up the DagBag from /opt/airflow/dags/dag_jinja_to_utility.py
[2024-12-14 20:57:31,625] {scheduler_job.py:642} INFO - DAG(s) dict_keys(['dag_jinja_to_utility']) retrieved from /opt/airflow/dags/dag_jinja_to_utility.py
[2024-12-14 20:57:31,657] {logging_mixin.py:104} INFO - [2024-12-14 20:57:31,657] {dag.py:1833} INFO - Sync 1 DAGs
[2024-12-14 20:57:31,701] {logging_mixin.py:104} INFO - [2024-12-14 20:57:31,701] {dag.py:2306} INFO - Setting next_dagrun for dag_jinja_to_utility to None
[2024-12-14 20:57:31,738] {scheduler_job.py:189} INFO - Processing /opt/airflow/dags/dag_jinja_to_utility.py took 0.193 seconds
[2024-12-14 20:58:02,285] {scheduler_job.py:181} INFO - Started process (PID=11382) to work on /opt/airflow/dags/dag_jinja_to_utility.py
[2024-12-14 20:58:02,287] {scheduler_job.py:632} INFO - Processing file /opt/airflow/dags/dag_jinja_to_utility.py for tasks to queue
[2024-12-14 20:58:02,289] {logging_mixin.py:104} INFO - [2024-12-14 20:58:02,288] {dagbag.py:496} INFO - Filling up the DagBag from /opt/airflow/dags/dag_jinja_to_utility.py
[2024-12-14 20:58:02,344] {scheduler_job.py:642} INFO - DAG(s) dict_keys(['dag_jinja_to_utility']) retrieved from /opt/airflow/dags/dag_jinja_to_utility.py
[2024-12-14 20:58:02,365] {logging_mixin.py:104} INFO - [2024-12-14 20:58:02,365] {dag.py:1833} INFO - Sync 1 DAGs
[2024-12-14 20:58:02,381] {logging_mixin.py:104} INFO - [2024-12-14 20:58:02,381] {dag.py:2306} INFO - Setting next_dagrun for dag_jinja_to_utility to None
[2024-12-14 20:58:02,391] {scheduler_job.py:189} INFO - Processing /opt/airflow/dags/dag_jinja_to_utility.py took 0.111 seconds
[2024-12-14 20:58:32,897] {scheduler_job.py:181} INFO - Started process (PID=11417) to work on /opt/airflow/dags/dag_jinja_to_utility.py
[2024-12-14 20:58:32,899] {scheduler_job.py:632} INFO - Processing file /opt/airflow/dags/dag_jinja_to_utility.py for tasks to queue
[2024-12-14 20:58:32,900] {logging_mixin.py:104} INFO - [2024-12-14 20:58:32,900] {dagbag.py:496} INFO - Filling up the DagBag from /opt/airflow/dags/dag_jinja_to_utility.py
[2024-12-14 20:58:32,945] {scheduler_job.py:642} INFO - DAG(s) dict_keys(['dag_jinja_to_utility']) retrieved from /opt/airflow/dags/dag_jinja_to_utility.py
[2024-12-14 20:58:32,963] {logging_mixin.py:104} INFO - [2024-12-14 20:58:32,963] {dag.py:1833} INFO - Sync 1 DAGs
[2024-12-14 20:58:32,976] {logging_mixin.py:104} INFO - [2024-12-14 20:58:32,976] {dag.py:2306} INFO - Setting next_dagrun for dag_jinja_to_utility to None
[2024-12-14 20:58:32,985] {scheduler_job.py:189} INFO - Processing /opt/airflow/dags/dag_jinja_to_utility.py took 0.090 seconds
